0 info it worked if it ends with ok
1 verbose cli [ '/Users/tylerbainbridge/.nvm/versions/node/v6.9.4/bin/node',
1 verbose cli   '/Users/tylerbainbridge/.nvm/versions/node/v6.9.4/bin/npm',
1 verbose cli   'run',
1 verbose cli   'start-socket' ]
2 info using npm@3.10.10
3 info using node@v6.9.4
4 verbose run-script [ 'prestart-socket', 'start-socket', 'poststart-socket' ]
5 info lifecycle @0.0.1~prestart-socket: @0.0.1
6 silly lifecycle @0.0.1~prestart-socket: no script for prestart-socket, continuing
7 info lifecycle @0.0.1~start-socket: @0.0.1
8 verbose lifecycle @0.0.1~start-socket: unsafe-perm in lifecycle true
9 verbose lifecycle @0.0.1~start-socket: PATH: /Users/tylerbainbridge/.nvm/versions/node/v6.9.4/lib/node_modules/npm/bin/node-gyp-bin:/Users/tylerbainbridge/Documents/projects/php/apiwithauth/node_modules/.bin:/usr/local/php5/bin:~/.composer/vendor/bin:/Users/tylerbainbridge/.composer/vendor/bin:/Users/tylerbainbridge/.nvm/versions/node/v6.9.4/bin:/Library/Frameworks/Python.framework/Versions/3.6/bin:/usr/local/bin:/usr/bin:/bin:/usr/sbin:/sbin:/Users/tylerbainbridge/.composer/vendor/bin
10 verbose lifecycle @0.0.1~start-socket: CWD: /Users/tylerbainbridge/Documents/projects/php/apiwithauth
11 silly lifecycle @0.0.1~start-socket: Args: [ '-c',
11 silly lifecycle   'node --harmony socket_server/server.js --laravelURI http://localhost:8888 --socketPort 3000' ]
12 silly lifecycle @0.0.1~start-socket: Returned: code: 1  signal: null
13 info lifecycle @0.0.1~start-socket: Failed to exec start-socket script
14 verbose stack Error: @0.0.1 start-socket: `node --harmony socket_server/server.js --laravelURI http://localhost:8888 --socketPort 3000`
14 verbose stack Exit status 1
14 verbose stack     at EventEmitter.<anonymous> (/Users/tylerbainbridge/.nvm/versions/node/v6.9.4/lib/node_modules/npm/lib/utils/lifecycle.js:255:16)
14 verbose stack     at emitTwo (events.js:106:13)
14 verbose stack     at EventEmitter.emit (events.js:191:7)
14 verbose stack     at ChildProcess.<anonymous> (/Users/tylerbainbridge/.nvm/versions/node/v6.9.4/lib/node_modules/npm/lib/utils/spawn.js:40:14)
14 verbose stack     at emitTwo (events.js:106:13)
14 verbose stack     at ChildProcess.emit (events.js:191:7)
14 verbose stack     at maybeClose (internal/child_process.js:877:16)
14 verbose stack     at Process.ChildProcess._handle.onexit (internal/child_process.js:226:5)
15 verbose pkgid @0.0.1
16 verbose cwd /Users/tylerbainbridge/Documents/projects/php/apiwithauth
17 error Darwin 16.4.0
18 error argv "/Users/tylerbainbridge/.nvm/versions/node/v6.9.4/bin/node" "/Users/tylerbainbridge/.nvm/versions/node/v6.9.4/bin/npm" "run" "start-socket"
19 error node v6.9.4
20 error npm  v3.10.10
21 error code ELIFECYCLE
22 error @0.0.1 start-socket: `node --harmony socket_server/server.js --laravelURI http://localhost:8888 --socketPort 3000`
22 error Exit status 1
23 error Failed at the @0.0.1 start-socket script 'node --harmony socket_server/server.js --laravelURI http://localhost:8888 --socketPort 3000'.
23 error Make sure you have the latest version of node.js and npm installed.
23 error If you do, this is most likely a problem with the  package,
23 error not with npm itself.
23 error Tell the author that this fails on your system:
23 error     node --harmony socket_server/server.js --laravelURI http://localhost:8888 --socketPort 3000
23 error You can get information on how to open an issue for this project with:
23 error     npm bugs
23 error Or if that isn't available, you can get their info via:
23 error     npm owner ls
23 error There is likely additional logging output above.
24 verbose exit [ 1, true ]
