0 info it worked if it ends with ok
1 verbose cli [ '/Users/tylerbainbridge/.nvm/versions/node/v6.10.0/bin/node',
1 verbose cli   '/Users/tylerbainbridge/.nvm/versions/node/v6.10.0/bin/npm',
1 verbose cli   'run',
1 verbose cli   'start-all' ]
2 info using npm@3.10.10
3 info using node@v6.10.0
4 verbose run-script [ 'prestart-all', 'start-all', 'poststart-all' ]
5 info lifecycle @0.0.1~prestart-all: @0.0.1
6 silly lifecycle @0.0.1~prestart-all: no script for prestart-all, continuing
7 info lifecycle @0.0.1~start-all: @0.0.1
8 verbose lifecycle @0.0.1~start-all: unsafe-perm in lifecycle true
9 verbose lifecycle @0.0.1~start-all: PATH: /Users/tylerbainbridge/.nvm/versions/node/v6.10.0/lib/node_modules/npm/bin/node-gyp-bin:/Users/tylerbainbridge/Documents/projects/php/roomio-2/web/node_modules/.bin:/Users/tylerbainbridge/.nvm/versions/node/v6.10.0/bin:/Users/tylerbainbridge/Downloads/google-cloud-sdk/bin:/Users/tylerbainbridge/.yarn/bin:/Users/tylerbainbridge/Library/Python/3.4/bin:/usr/local/php5/bin:~/.composer/vendor/bin:/Users/tylerbainbridge/.composer/vendor/bin:/Library/Frameworks/Python.framework/Versions/3.6/bin:/usr/local/bin:/usr/bin:/bin:/usr/sbin:/sbin:/Users/tylerbainbridge/.composer/vendor/bin
10 verbose lifecycle @0.0.1~start-all: CWD: /Users/tylerbainbridge/Documents/projects/php/roomio-2/web
11 silly lifecycle @0.0.1~start-all: Args: [ '-c',
11 silly lifecycle   'npm-run-all --parallel start-socket start-webpack start-php' ]
12 info lifecycle @0.0.1~start-all: Failed to exec start-all script
13 verbose stack Error: @0.0.1 start-all: `npm-run-all --parallel start-socket start-webpack start-php`
13 verbose stack spawn ENOENT
13 verbose stack     at ChildProcess.<anonymous> (/Users/tylerbainbridge/.nvm/versions/node/v6.10.0/lib/node_modules/npm/lib/utils/spawn.js:33:16)
13 verbose stack     at emitTwo (events.js:106:13)
13 verbose stack     at ChildProcess.emit (events.js:191:7)
13 verbose stack     at maybeClose (internal/child_process.js:877:16)
13 verbose stack     at Process.ChildProcess._handle.onexit (internal/child_process.js:226:5)
14 verbose pkgid @0.0.1
15 verbose cwd /Users/tylerbainbridge/Documents/projects/php/roomio-2/web
16 error Darwin 16.4.0
17 error argv "/Users/tylerbainbridge/.nvm/versions/node/v6.10.0/bin/node" "/Users/tylerbainbridge/.nvm/versions/node/v6.10.0/bin/npm" "run" "start-all"
18 error node v6.10.0
19 error npm  v3.10.10
20 error file sh
21 error code ELIFECYCLE
22 error errno ENOENT
23 error syscall spawn
24 error @0.0.1 start-all: `npm-run-all --parallel start-socket start-webpack start-php`
24 error spawn ENOENT
25 error Failed at the @0.0.1 start-all script 'npm-run-all --parallel start-socket start-webpack start-php'.
25 error Make sure you have the latest version of node.js and npm installed.
25 error If you do, this is most likely a problem with the  package,
25 error not with npm itself.
25 error Tell the author that this fails on your system:
25 error     npm-run-all --parallel start-socket start-webpack start-php
25 error You can get information on how to open an issue for this project with:
25 error     npm bugs
25 error Or if that isn't available, you can get their info via:
25 error     npm owner ls
25 error There is likely additional logging output above.
26 verbose exit [ 1, true ]
